<?xml version="1.0" encoding="UTF-8"?>
<!-- Generated by org.testng.reporters.JUnitXMLReporter -->
<testsuite hostname="chethan-Latitude-3490" ignored="0" name="WeatherTest" tests="1" failures="1" timestamp="2020-09-28T01:56:52 IST" time="7.921" errors="0">
  <testcase name="compareWetherInfo" time="7.893" classname="com.weather.test.WeatherReport">
    <failure type="junit.framework.AssertionFailedError" message="Temparature in degree of API and UI are NOT same with variance, pls increase the variance value if necessary">
      <![CDATA[junit.framework.AssertionFailedError: Temparature in degree of API and UI are NOT same with variance, pls increase the variance value if necessary
at junit.framework.Assert.fail(Assert.java:50)
at junit.framework.Assert.assertTrue(Assert.java:20)
at com.weather.test.WeatherReport.compareWetherInfo(WeatherReport.java:68)
at java.util.ArrayList.forEach(ArrayList.java:1257)
... Removed 27 stack frames]]>
    </failure>
  </testcase> <!-- compareWetherInfo -->
</testsuite> <!-- WeatherTest -->
